<?xml version="1.0" encoding="UTF-8"?>
<coverage generated="1722676847138" clover="3.2.0">
  <project timestamp="1722676847138" name="All files">
    <metrics statements="4" coveredstatements="0" conditionals="1" coveredconditionals="0" methods="1" coveredmethods="0" elements="6" coveredelements="0" complexity="0" loc="4" ncloc="4" packages="1" files="1" classes="1"/>
    <file name="prueba.tsx" path="C:\dev\juanjosenavarroes\library-juanjosenavarroes\lib\components\prueba\prueba.tsx">
      <metrics statements="4" coveredstatements="0" conditionals="1" coveredconditionals="0" methods="1" coveredmethods="0"/>
      <line num="1" count="0" type="cond" truecount="0" falsecount="1"/>
      <line num="5" count="0" type="stmt"/>
      <line num="6" count="0" type="stmt"/>
      <line num="7" count="0" type="stmt"/>
    </file>
  </project>
</coverage>
