{"C:\\dev\\juanjosenavarroes\\library-juanjosenavarroes\\lib\\components\\prueba\\prueba.tsx": {"path":"C:\\dev\\juanjosenavarroes\\library-juanjosenavarroes\\lib\\components\\prueba\\prueba.tsx","all":true,"statementMap":{"0":{"start":{"line":1,"column":0},"end":{"line":1,"column":17}},"4":{"start":{"line":5,"column":0},"end":{"line":5,"column":50}},"5":{"start":{"line":6,"column":0},"end":{"line":6,"column":27}},"6":{"start":{"line":7,"column":0},"end":{"line":7,"column":1}}},"s":{"0":0,"4":0,"5":0,"6":0},"branchMap":{"0":{"type":"branch","line":1,"loc":{"start":{"line":1,"column":0},"end":{"line":7,"column":-63}},"locations":[{"start":{"line":1,"column":0},"end":{"line":7,"column":-63}}]}},"b":{"0":[0]},"fnMap":{"0":{"name":"(empty-report)","decl":{"start":{"line":1,"column":0},"end":{"line":7,"column":-63}},"loc":{"start":{"line":1,"column":0},"end":{"line":7,"column":-63}},"line":1}},"f":{"0":0}}
}
